# JRE version: Java(TM) SE Runtime Environment (8.0_60-b27) (build 1.8.0_60-b27)
# Java VM: Java HotSpot(TM) 64-Bit Server VM (25.60-b23 mixed mode windows-amd64 compressed oops)
Heap:
 PSYoungGen      total 197120K, used 82874K [0x00000000d5b80000, 0x00000000e4b00000, 0x0000000100000000)
  eden space 196096K, 41% used [0x00000000d5b80000,0x00000000dabe6870,0x00000000e1b00000)
  from space 1024K, 53% used [0x00000000e3580000,0x00000000e3608000,0x00000000e3680000)
  to   space 11264K, 0% used [0x00000000e4000000,0x00000000e4000000,0x00000000e4b00000)
 ParOldGen       total 87552K, used 11440K [0x0000000081200000, 0x0000000086780000, 0x00000000d5b80000)
  object space 87552K, 13% used [0x0000000081200000,0x0000000081d2c028,0x0000000086780000)
 Metaspace       used 4655K, capacity 5134K, committed 5248K, reserved 1056768K
  class space    used 537K, capacity 631K, committed 640K, reserved 1048576K
GC Heap History (10 events):
Event: 13.740 GC heap before
{Heap before GC invocations=9 (full 0):
 PSYoungGen      total 244736K, used 244512K [0x00000000d5b80000, 0x00000000e6180000, 0x0000000100000000)
  eden space 243712K, 100% used [0x00000000d5b80000,0x00000000e4980000,0x00000000e4980000)
  from space 1024K, 78% used [0x00000000e6080000,0x00000000e6148000,0x00000000e6180000)
  to   space 11776K, 0% used [0x00000000e4a80000,0x00000000e4a80000,0x00000000e5600000)
 ParOldGen       total 87552K, used 10944K [0x0000000081200000, 0x0000000086780000, 0x00000000d5b80000)
  object space 87552K, 12% used [0x0000000081200000,0x0000000081cb0028,0x0000000086780000)
 Metaspace       used 4655K, capacity 5134K, committed 5248K, reserved 1056768K
  class space    used 537K, capacity 631K, committed 640K, reserved 1048576K
Event: 13.743 GC heap after
Heap after GC invocations=9 (full 0):
 PSYoungGen      total 234496K, used 640K [0x00000000d5b80000, 0x00000000e6100000, 0x0000000100000000)
  eden space 233472K, 0% used [0x00000000d5b80000,0x00000000d5b80000,0x00000000e3f80000)
  from space 1024K, 62% used [0x00000000e4a80000,0x00000000e4b20000,0x00000000e4b80000)
  to   space 11776K, 0% used [0x00000000e5580000,0x00000000e5580000,0x00000000e6100000)
 ParOldGen       total 87552K, used 11216K [0x0000000081200000, 0x0000000086780000, 0x00000000d5b80000)
  object space 87552K, 12% used [0x0000000081200000,0x0000000081cf4028,0x0000000086780000)
 Metaspace       used 4655K, capacity 5134K, committed 5248K, reserved 1056768K
  class space    used 537K, capacity 631K, committed 640K, reserved 1048576K
}
Event: 16.237 GC heap before
{Heap before GC invocations=10 (full 0):
 PSYoungGen      total 234496K, used 234112K [0x00000000d5b80000, 0x00000000e6100000, 0x0000000100000000)
  eden space 233472K, 100% used [0x00000000d5b80000,0x00000000e3f80000,0x00000000e3f80000)
  from space 1024K, 62% used [0x00000000e4a80000,0x00000000e4b20000,0x00000000e4b80000)
  to   space 11776K, 0% used [0x00000000e5580000,0x00000000e5580000,0x00000000e6100000)
 ParOldGen       total 87552K, used 11216K [0x0000000081200000, 0x0000000086780000, 0x00000000d5b80000)
  object space 87552K, 12% used [0x0000000081200000,0x0000000081cf4028,0x0000000086780000)
 Metaspace       used 4655K, capacity 5134K, committed 5248K, reserved 1056768K
  class space    used 537K, capacity 631K, committed 640K, reserved 1048576K
Event: 16.240 GC heap after
Heap after GC invocations=10 (full 0):
 PSYoungGen      total 224768K, used 576K [0x00000000d5b80000, 0x00000000e5680000, 0x0000000100000000)
  eden space 223744K, 0% used [0x00000000d5b80000,0x00000000d5b80000,0x00000000e3600000)
  from space 1024K, 56% used [0x00000000e5580000,0x00000000e5610000,0x00000000e5680000)
  to   space 11776K, 0% used [0x00000000e3f80000,0x00000000e3f80000,0x00000000e4b00000)
 ParOldGen       total 87552K, used 11280K [0x0000000081200000, 0x0000000086780000, 0x00000000d5b80000)
  object space 87552K, 12% used [0x0000000081200000,0x0000000081d04028,0x0000000086780000)
 Metaspace       used 4655K, capacity 5134K, committed 5248K, reserved 1056768K
  class space    used 537K, capacity 631K, committed 640K, reserved 1048576K
}
Event: 18.652 GC heap before
{Heap before GC invocations=11 (full 0):
 PSYoungGen      total 224768K, used 224320K [0x00000000d5b80000, 0x00000000e5680000, 0x0000000100000000)
  eden space 223744K, 100% used [0x00000000d5b80000,0x00000000e3600000,0x00000000e3600000)
  from space 1024K, 56% used [0x00000000e5580000,0x00000000e5610000,0x00000000e5680000)
  to   space 11776K, 0% used [0x00000000e3f80000,0x00000000e3f80000,0x00000000e4b00000)
 ParOldGen       total 87552K, used 11280K [0x0000000081200000, 0x0000000086780000, 0x00000000d5b80000)
  object space 87552K, 12% used [0x0000000081200000,0x0000000081d04028,0x0000000086780000)
 Metaspace       used 4655K, capacity 5134K, committed 5248K, reserved 1056768K
  class space    used 537K, capacity 631K, committed 640K, reserved 1048576K
Event: 18.654 GC heap after
Heap after GC invocations=11 (full 0):
 PSYoungGen      total 214528K, used 512K [0x00000000d5b80000, 0x00000000e5600000, 0x0000000100000000)
  eden space 214016K, 0% used [0x00000000d5b80000,0x00000000d5b80000,0x00000000e2c80000)
  from space 512K, 100% used [0x00000000e3f80000,0x00000000e4000000,0x00000000e4000000)
  to   space 11776K, 0% used [0x00000000e4a80000,0x00000000e4a80000,0x00000000e5600000)
 ParOldGen       total 87552K, used 11336K [0x0000000081200000, 0x0000000086780000, 0x00000000d5b80000)
  object space 87552K, 12% used [0x0000000081200000,0x0000000081d12028,0x0000000086780000)
 Metaspace       used 4655K, capacity 5134K, committed 5248K, reserved 1056768K
  class space    used 537K, capacity 631K, committed 640K, reserved 1048576K
}
Event: 20.971 GC heap before
{Heap before GC invocations=12 (full 0):
 PSYoungGen      total 214528K, used 214528K [0x00000000d5b80000, 0x00000000e5600000, 0x0000000100000000)
  eden space 214016K, 100% used [0x00000000d5b80000,0x00000000e2c80000,0x00000000e2c80000)
  from space 512K, 100% used [0x00000000e3f80000,0x00000000e4000000,0x00000000e4000000)
  to   space 11776K, 0% used [0x00000000e4a80000,0x00000000e4a80000,0x00000000e5600000)
 ParOldGen       total 87552K, used 11336K [0x0000000081200000, 0x0000000086780000, 0x00000000d5b80000)
  object space 87552K, 12% used [0x0000000081200000,0x0000000081d12028,0x0000000086780000)
 Metaspace       used 4655K, capacity 5134K, committed 5248K, reserved 1056768K
  class space    used 537K, capacity 631K, committed 640K, reserved 1048576K
Event: 20.975 GC heap after
Heap after GC invocations=12 (full 0):
 PSYoungGen      total 205824K, used 608K [0x00000000d5b80000, 0x00000000e4b80000, 0x0000000100000000)
  eden space 204800K, 0% used [0x00000000d5b80000,0x00000000d5b80000,0x00000000e2380000)
  from space 1024K, 59% used [0x00000000e4a80000,0x00000000e4b18000,0x00000000e4b80000)
  to   space 11264K, 0% used [0x00000000e3580000,0x00000000e3580000,0x00000000e4080000)
 ParOldGen       total 87552K, used 11392K [0x0000000081200000, 0x0000000086780000, 0x00000000d5b80000)
  object space 87552K, 13% used [0x0000000081200000,0x0000000081d20028,0x0000000086780000)
 Metaspace       used 4655K, capacity 5134K, committed 5248K, reserved 1056768K
  class space    used 537K, capacity 631K, committed 640K, reserved 1048576K
}
Event: 23.272 GC heap before
{Heap before GC invocations=13 (full 0):
 PSYoungGen      total 205824K, used 205408K [0x00000000d5b80000, 0x00000000e4b80000, 0x0000000100000000)
  eden space 204800K, 100% used [0x00000000d5b80000,0x00000000e2380000,0x00000000e2380000)
  from space 1024K, 59% used [0x00000000e4a80000,0x00000000e4b18000,0x00000000e4b80000)
  to   space 11264K, 0% used [0x00000000e3580000,0x00000000e3580000,0x00000000e4080000)
 ParOldGen       total 87552K, used 11392K [0x0000000081200000, 0x0000000086780000, 0x00000000d5b80000)
  object space 87552K, 13% used [0x0000000081200000,0x0000000081d20028,0x0000000086780000)
 Metaspace       used 4655K, capacity 5134K, committed 5248K, reserved 1056768K
  class space    used 537K, capacity 631K, committed 640K, reserved 1048576K
Event: 23.274 GC heap after
Heap after GC invocations=13 (full 0):
 PSYoungGen      total 197120K, used 544K [0x00000000d5b80000, 0x00000000e4b00000, 0x0000000100000000)
  eden space 196096K, 0% used [0x00000000d5b80000,0x00000000d5b80000,0x00000000e1b00000)
  from space 1024K, 53% used [0x00000000e3580000,0x00000000e3608000,0x00000000e3680000)
  to   space 11264K, 0% used [0x00000000e4000000,0x00000000e4000000,0x00000000e4b00000)
 ParOldGen       total 87552K, used 11440K [0x0000000081200000, 0x0000000086780000, 0x00000000d5b80000)
  object space 87552K, 13% used [0x0000000081200000,0x0000000081d2c028,0x0000000086780000)
 Metaspace       used 4655K, capacity 5134K, committed 5248K, reserved 1056768K
  class space    used 537K, capacity 631K, committed 640K, reserved 1048576K
}

