# JRE version: Java(TM) SE Runtime Environment (8.0_73-b02) (build 1.8.0_73-b02)
# Java VM: Java HotSpot(TM) 64-Bit Server VM (25.73-b02 mixed mode windows-amd64 compressed oops)
Heap:
 PSYoungGen      total 291840K, used 7719K [0x00000000d6000000, 0x00000000e9b00000, 0x0000000100000000)
  eden space 262144K, 2% used [0x00000000d6000000,0x00000000d6789f90,0x00000000e6000000)
  from space 29696K, 0% used [0x00000000e7e00000,0x00000000e7e00000,0x00000000e9b00000)
  to   space 30208K, 0% used [0x00000000e6000000,0x00000000e6000000,0x00000000e7d80000)
 ParOldGen       total 86016K, used 47277K [0x0000000082000000, 0x0000000087400000, 0x00000000d6000000)
  object space 86016K, 54% used [0x0000000082000000,0x0000000084e2b408,0x0000000087400000)
 Metaspace       used 7729K, capacity 7846K, committed 7936K, reserved 1056768K
  class space    used 906K, capacity 959K, committed 1024K, reserved 1048576K
GC Heap History (10 events):
Event: 1.076 GC heap before
{Heap before GC invocations=6 (full 0):
 PSYoungGen      total 136192K, used 136192K [0x00000000d6000000, 0x00000000e8300000, 0x0000000100000000)
  eden space 131072K, 100% used [0x00000000d6000000,0x00000000de000000,0x00000000de000000)
  from space 5120K, 100% used [0x00000000de000000,0x00000000de500000,0x00000000de500000)
  to   space 17920K, 0% used [0x00000000e7180000,0x00000000e7180000,0x00000000e8300000)
 ParOldGen       total 86016K, used 17973K [0x0000000082000000, 0x0000000087400000, 0x00000000d6000000)
  object space 86016K, 20% used [0x0000000082000000,0x000000008318d440,0x0000000087400000)
 Metaspace       used 7504K, capacity 7654K, committed 7936K, reserved 1056768K
  class space    used 899K, capacity 959K, committed 1024K, reserved 1048576K
Event: 1.084 GC heap after
Heap after GC invocations=6 (full 0):
 PSYoungGen      total 279040K, used 5120K [0x00000000d6000000, 0x00000000e8200000, 0x0000000100000000)
  eden space 262144K, 0% used [0x00000000d6000000,0x00000000d6000000,0x00000000e6000000)
  from space 16896K, 30% used [0x00000000e7180000,0x00000000e7680000,0x00000000e8200000)
  to   space 17408K, 0% used [0x00000000e6000000,0x00000000e6000000,0x00000000e7100000)
 ParOldGen       total 86016K, used 17973K [0x0000000082000000, 0x0000000087400000, 0x00000000d6000000)
  object space 86016K, 20% used [0x0000000082000000,0x000000008318d440,0x0000000087400000)
 Metaspace       used 7504K, capacity 7654K, committed 7936K, reserved 1056768K
  class space    used 899K, capacity 959K, committed 1024K, reserved 1048576K
}
Event: 6.318 GC heap before
{Heap before GC invocations=7 (full 0):
 PSYoungGen      total 279040K, used 108847K [0x00000000d6000000, 0x00000000e8200000, 0x0000000100000000)
  eden space 262144K, 39% used [0x00000000d6000000,0x00000000dc54bf98,0x00000000e6000000)
  from space 16896K, 30% used [0x00000000e7180000,0x00000000e7680000,0x00000000e8200000)
  to   space 17408K, 0% used [0x00000000e6000000,0x00000000e6000000,0x00000000e7100000)
 ParOldGen       total 86016K, used 17973K [0x0000000082000000, 0x0000000087400000, 0x00000000d6000000)
  object space 86016K, 20% used [0x0000000082000000,0x000000008318d440,0x0000000087400000)
 Metaspace       used 7716K, capacity 7846K, committed 7936K, reserved 1056768K
  class space    used 906K, capacity 959K, committed 1024K, reserved 1048576K
Event: 6.366 GC heap after
Heap after GC invocations=7 (full 0):
 PSYoungGen      total 279552K, used 17408K [0x00000000d6000000, 0x00000000e9c00000, 0x0000000100000000)
  eden space 262144K, 0% used [0x00000000d6000000,0x00000000d6000000,0x00000000e6000000)
  from space 17408K, 100% used [0x00000000e6000000,0x00000000e7100000,0x00000000e7100000)
  to   space 30720K, 0% used [0x00000000e7e00000,0x00000000e7e00000,0x00000000e9c00000)
 ParOldGen       total 86016K, used 38237K [0x0000000082000000, 0x0000000087400000, 0x00000000d6000000)
  object space 86016K, 44% used [0x0000000082000000,0x00000000845574d0,0x0000000087400000)
 Metaspace       used 7716K, capacity 7846K, committed 7936K, reserved 1056768K
  class space    used 906K, capacity 959K, committed 1024K, reserved 1048576K
}
Event: 6.366 GC heap before
{Heap before GC invocations=8 (full 1):
 PSYoungGen      total 279552K, used 17408K [0x00000000d6000000, 0x00000000e9c00000, 0x0000000100000000)
  eden space 262144K, 0% used [0x00000000d6000000,0x00000000d6000000,0x00000000e6000000)
  from space 17408K, 100% used [0x00000000e6000000,0x00000000e7100000,0x00000000e7100000)
  to   space 30720K, 0% used [0x00000000e7e00000,0x00000000e7e00000,0x00000000e9c00000)
 ParOldGen       total 86016K, used 38237K [0x0000000082000000, 0x0000000087400000, 0x00000000d6000000)
  object space 86016K, 44% used [0x0000000082000000,0x00000000845574d0,0x0000000087400000)
 Metaspace       used 7716K, capacity 7846K, committed 7936K, reserved 1056768K
  class space    used 906K, capacity 959K, committed 1024K, reserved 1048576K
Event: 6.649 GC heap after
Heap after GC invocations=8 (full 1):
 PSYoungGen      total 279552K, used 0K [0x00000000d6000000, 0x00000000e9c00000, 0x0000000100000000)
  eden space 262144K, 0% used [0x00000000d6000000,0x00000000d6000000,0x00000000e6000000)
  from space 17408K, 0% used [0x00000000e6000000,0x00000000e6000000,0x00000000e7100000)
  to   space 30720K, 0% used [0x00000000e7e00000,0x00000000e7e00000,0x00000000e9c00000)
 ParOldGen       total 86016K, used 54707K [0x0000000082000000, 0x0000000087400000, 0x00000000d6000000)
  object space 86016K, 63% used [0x0000000082000000,0x000000008556ce28,0x0000000087400000)
 Metaspace       used 7716K, capacity 7846K, committed 7936K, reserved 1056768K
  class space    used 906K, capacity 959K, committed 1024K, reserved 1048576K
}
Event: 7.236 GC heap before
{Heap before GC invocations=9 (full 1):
 PSYoungGen      total 279552K, used 15396K [0x00000000d6000000, 0x00000000e9c00000, 0x0000000100000000)
  eden space 262144K, 5% used [0x00000000d6000000,0x00000000d6f09210,0x00000000e6000000)
  from space 17408K, 0% used [0x00000000e6000000,0x00000000e6000000,0x00000000e7100000)
  to   space 30720K, 0% used [0x00000000e7e00000,0x00000000e7e00000,0x00000000e9c00000)
 ParOldGen       total 86016K, used 54707K [0x0000000082000000, 0x0000000087400000, 0x00000000d6000000)
  object space 86016K, 63% used [0x0000000082000000,0x000000008556ce28,0x0000000087400000)
 Metaspace       used 7722K, capacity 7846K, committed 7936K, reserved 1056768K
  class space    used 906K, capacity 959K, committed 1024K, reserved 1048576K
Event: 7.242 GC heap after
Heap after GC invocations=9 (full 1):
 PSYoungGen      total 291840K, used 5312K [0x00000000d6000000, 0x00000000e9b00000, 0x0000000100000000)
  eden space 262144K, 0% used [0x00000000d6000000,0x00000000d6000000,0x00000000e6000000)
  from space 29696K, 17% used [0x00000000e7e00000,0x00000000e8330000,0x00000000e9b00000)
  to   space 30208K, 0% used [0x00000000e6000000,0x00000000e6000000,0x00000000e7d80000)
 ParOldGen       total 86016K, used 54715K [0x0000000082000000, 0x0000000087400000, 0x00000000d6000000)
  object space 86016K, 63% used [0x0000000082000000,0x000000008556ee28,0x0000000087400000)
 Metaspace       used 7722K, capacity 7846K, committed 7936K, reserved 1056768K
  class space    used 906K, capacity 959K, committed 1024K, reserved 1048576K
}
Event: 7.242 GC heap before
{Heap before GC invocations=10 (full 2):
 PSYoungGen      total 291840K, used 5312K [0x00000000d6000000, 0x00000000e9b00000, 0x0000000100000000)
  eden space 262144K, 0% used [0x00000000d6000000,0x00000000d6000000,0x00000000e6000000)
  from space 29696K, 17% used [0x00000000e7e00000,0x00000000e8330000,0x00000000e9b00000)
  to   space 30208K, 0% used [0x00000000e6000000,0x00000000e6000000,0x00000000e7d80000)
 ParOldGen       total 86016K, used 54715K [0x0000000082000000, 0x0000000087400000, 0x00000000d6000000)
  object space 86016K, 63% used [0x0000000082000000,0x000000008556ee28,0x0000000087400000)
 Metaspace       used 7722K, capacity 7846K, committed 7936K, reserved 1056768K
  class space    used 906K, capacity 959K, committed 1024K, reserved 1048576K
Event: 7.335 GC heap after
Heap after GC invocations=10 (full 2):
 PSYoungGen      total 291840K, used 0K [0x00000000d6000000, 0x00000000e9b00000, 0x0000000100000000)
  eden space 262144K, 0% used [0x00000000d6000000,0x00000000d6000000,0x00000000e6000000)
  from space 29696K, 0% used [0x00000000e7e00000,0x00000000e7e00000,0x00000000e9b00000)
  to   space 30208K, 0% used [0x00000000e6000000,0x00000000e6000000,0x00000000e7d80000)
 ParOldGen       total 86016K, used 47277K [0x0000000082000000, 0x0000000087400000, 0x00000000d6000000)
  object space 86016K, 54% used [0x0000000082000000,0x0000000084e2b408,0x0000000087400000)
 Metaspace       used 7722K, capacity 7846K, committed 7936K, reserved 1056768K
  class space    used 906K, capacity 959K, committed 1024K, reserved 1048576K
}

