# JRE version: Java(TM) SE Runtime Environment (8.0_66-b18) (build 1.8.0_66-b18)
# Java VM: Java HotSpot(TM) 64-Bit Server VM (25.66-b18 mixed mode windows-amd64 compressed oops)
Heap:
 PSYoungGen      total 70656K, used 26544K [0x00000000d6000000, 0x00000000dea00000, 0x0000000100000000)
  eden space 65536K, 40% used [0x00000000d6000000,0x00000000d79ec030,0x00000000da000000)
  from space 5120K, 0% used [0x00000000da000000,0x00000000da000000,0x00000000da500000)
  to   space 5120K, 0% used [0x00000000de500000,0x00000000de500000,0x00000000dea00000)
 ParOldGen       total 166400K, used 66886K [0x0000000082000000, 0x000000008c280000, 0x00000000d6000000)
  object space 166400K, 40% used [0x0000000082000000,0x0000000086151a68,0x000000008c280000)
 Metaspace       used 10744K, capacity 10936K, committed 11136K, reserved 1058816K
  class space    used 1299K, capacity 1382K, committed 1408K, reserved 1048576K
GC Heap History (8 events):
Event: 0.404 GC heap before
{Heap before GC invocations=1 (full 0):
 PSYoungGen      total 37888K, used 32768K [0x00000000d6000000, 0x00000000d8a00000, 0x0000000100000000)
  eden space 32768K, 100% used [0x00000000d6000000,0x00000000d8000000,0x00000000d8000000)
  from space 5120K, 0% used [0x00000000d8500000,0x00000000d8500000,0x00000000d8a00000)
  to   space 5120K, 0% used [0x00000000d8000000,0x00000000d8000000,0x00000000d8500000)
 ParOldGen       total 86016K, used 0K [0x0000000082000000, 0x0000000087400000, 0x00000000d6000000)
  object space 86016K, 0% used [0x0000000082000000,0x0000000082000000,0x0000000087400000)
 Metaspace       used 6032K, capacity 6198K, committed 6400K, reserved 1056768K
  class space    used 700K, capacity 767K, committed 768K, reserved 1048576K
Event: 0.427 GC heap after
Heap after GC invocations=1 (full 0):
 PSYoungGen      total 37888K, used 5114K [0x00000000d6000000, 0x00000000daa00000, 0x0000000100000000)
  eden space 32768K, 0% used [0x00000000d6000000,0x00000000d6000000,0x00000000d8000000)
  from space 5120K, 99% used [0x00000000d8000000,0x00000000d84febc8,0x00000000d8500000)
  to   space 5120K, 0% used [0x00000000da500000,0x00000000da500000,0x00000000daa00000)
 ParOldGen       total 86016K, used 22440K [0x0000000082000000, 0x0000000087400000, 0x00000000d6000000)
  object space 86016K, 26% used [0x0000000082000000,0x00000000835ea3d0,0x0000000087400000)
 Metaspace       used 6032K, capacity 6198K, committed 6400K, reserved 1056768K
  class space    used 700K, capacity 767K, committed 768K, reserved 1048576K
}
Event: 2.087 GC heap before
{Heap before GC invocations=2 (full 0):
 PSYoungGen      total 37888K, used 37882K [0x00000000d6000000, 0x00000000daa00000, 0x0000000100000000)
  eden space 32768K, 100% used [0x00000000d6000000,0x00000000d8000000,0x00000000d8000000)
  from space 5120K, 99% used [0x00000000d8000000,0x00000000d84febc8,0x00000000d8500000)
  to   space 5120K, 0% used [0x00000000da500000,0x00000000da500000,0x00000000daa00000)
 ParOldGen       total 86016K, used 22440K [0x0000000082000000, 0x0000000087400000, 0x00000000d6000000)
  object space 86016K, 26% used [0x0000000082000000,0x00000000835ea3d0,0x0000000087400000)
 Metaspace       used 7459K, capacity 7606K, committed 7680K, reserved 1056768K
  class space    used 894K, capacity 959K, committed 1024K, reserved 1048576K
Event: 2.097 GC heap after
Heap after GC invocations=2 (full 0):
 PSYoungGen      total 70656K, used 5120K [0x00000000d6000000, 0x00000000daa00000, 0x0000000100000000)
  eden space 65536K, 0% used [0x00000000d6000000,0x00000000d6000000,0x00000000da000000)
  from space 5120K, 100% used [0x00000000da500000,0x00000000daa00000,0x00000000daa00000)
  to   space 5120K, 0% used [0x00000000da000000,0x00000000da000000,0x00000000da500000)
 ParOldGen       total 86016K, used 28104K [0x0000000082000000, 0x0000000087400000, 0x00000000d6000000)
  object space 86016K, 32% used [0x0000000082000000,0x0000000083b722f0,0x0000000087400000)
 Metaspace       used 7459K, capacity 7606K, committed 7680K, reserved 1056768K
  class space    used 894K, capacity 959K, committed 1024K, reserved 1048576K
}
Event: 5.524 GC heap before
{Heap before GC invocations=3 (full 0):
 PSYoungGen      total 70656K, used 70656K [0x00000000d6000000, 0x00000000daa00000, 0x0000000100000000)
  eden space 65536K, 100% used [0x00000000d6000000,0x00000000da000000,0x00000000da000000)
  from space 5120K, 100% used [0x00000000da500000,0x00000000daa00000,0x00000000daa00000)
  to   space 5120K, 0% used [0x00000000da000000,0x00000000da000000,0x00000000da500000)
 ParOldGen       total 86016K, used 28104K [0x0000000082000000, 0x0000000087400000, 0x00000000d6000000)
  object space 86016K, 32% used [0x0000000082000000,0x0000000083b722f0,0x0000000087400000)
 Metaspace       used 10733K, capacity 10936K, committed 11136K, reserved 1058816K
  class space    used 1299K, capacity 1382K, committed 1408K, reserved 1048576K
Event: 5.561 GC heap after
Heap after GC invocations=3 (full 0):
 PSYoungGen      total 70656K, used 5120K [0x00000000d6000000, 0x00000000dea00000, 0x0000000100000000)
  eden space 65536K, 0% used [0x00000000d6000000,0x00000000d6000000,0x00000000da000000)
  from space 5120K, 100% used [0x00000000da000000,0x00000000da500000,0x00000000da500000)
  to   space 5120K, 0% used [0x00000000de500000,0x00000000de500000,0x00000000dea00000)
 ParOldGen       total 86016K, used 62220K [0x0000000082000000, 0x0000000087400000, 0x00000000d6000000)
  object space 86016K, 72% used [0x0000000082000000,0x0000000085cc3310,0x0000000087400000)
 Metaspace       used 10733K, capacity 10936K, committed 11136K, reserved 1058816K
  class space    used 1299K, capacity 1382K, committed 1408K, reserved 1048576K
}
Event: 5.561 GC heap before
{Heap before GC invocations=4 (full 1):
 PSYoungGen      total 70656K, used 5120K [0x00000000d6000000, 0x00000000dea00000, 0x0000000100000000)
  eden space 65536K, 0% used [0x00000000d6000000,0x00000000d6000000,0x00000000da000000)
  from space 5120K, 100% used [0x00000000da000000,0x00000000da500000,0x00000000da500000)
  to   space 5120K, 0% used [0x00000000de500000,0x00000000de500000,0x00000000dea00000)
 ParOldGen       total 86016K, used 62220K [0x0000000082000000, 0x0000000087400000, 0x00000000d6000000)
  object space 86016K, 72% used [0x0000000082000000,0x0000000085cc3310,0x0000000087400000)
 Metaspace       used 10733K, capacity 10936K, committed 11136K, reserved 1058816K
  class space    used 1299K, capacity 1382K, committed 1408K, reserved 1048576K
Event: 5.916 GC heap after
Heap after GC invocations=4 (full 1):
 PSYoungGen      total 70656K, used 0K [0x00000000d6000000, 0x00000000dea00000, 0x0000000100000000)
  eden space 65536K, 0% used [0x00000000d6000000,0x00000000d6000000,0x00000000da000000)
  from space 5120K, 0% used [0x00000000da000000,0x00000000da000000,0x00000000da500000)
  to   space 5120K, 0% used [0x00000000de500000,0x00000000de500000,0x00000000dea00000)
 ParOldGen       total 166400K, used 66886K [0x0000000082000000, 0x000000008c280000, 0x00000000d6000000)
  object space 166400K, 40% used [0x0000000082000000,0x0000000086151a68,0x000000008c280000)
 Metaspace       used 10733K, capacity 10936K, committed 11136K, reserved 1058816K
  class space    used 1299K, capacity 1382K, committed 1408K, reserved 1048576K
}

