# JRE version: Java(TM) SE Runtime Environment (8.0_73-b02) (build 1.8.0_73-b02)
# Java VM: Java HotSpot(TM) 64-Bit Server VM (25.73-b02 mixed mode windows-amd64 compressed oops)
Heap:
 PSYoungGen      total 639488K, used 80396K [0x00000000d6000000, 0x0000000100000000, 0x0000000100000000)
  eden space 589824K, 13% used [0x00000000d6000000,0x00000000dae830e0,0x00000000fa000000)
  from space 49664K, 0% used [0x00000000fcf80000,0x00000000fcf80000,0x0000000100000000)
  to   space 48640K, 0% used [0x00000000fa000000,0x00000000fa000000,0x00000000fcf80000)
 ParOldGen       total 151552K, used 86915K [0x0000000082000000, 0x000000008b400000, 0x00000000d6000000)
  object space 151552K, 57% used [0x0000000082000000,0x00000000874e0fd0,0x000000008b400000)
 Metaspace       used 7783K, capacity 7922K, committed 8192K, reserved 1056768K
  class space    used 909K, capacity 959K, committed 1024K, reserved 1048576K
GC Heap History (10 events):
Event: 2.441 GC heap before
{Heap before GC invocations=8 (full 0):
 PSYoungGen      total 283648K, used 263136K [0x00000000d6000000, 0x00000000f8b00000, 0x0000000100000000)
  eden space 262144K, 100% used [0x00000000d6000000,0x00000000e6000000,0x00000000e6000000)
  from space 21504K, 4% used [0x00000000e6000000,0x00000000e60f8000,0x00000000e7500000)
  to   space 22016K, 0% used [0x00000000f7580000,0x00000000f7580000,0x00000000f8b00000)
 ParOldGen       total 86016K, used 35011K [0x0000000082000000, 0x0000000087400000, 0x00000000d6000000)
  object space 86016K, 40% used [0x0000000082000000,0x0000000084230e10,0x0000000087400000)
 Metaspace       used 7633K, capacity 7730K, committed 7936K, reserved 1056768K
  class space    used 904K, capacity 959K, committed 1024K, reserved 1048576K
Event: 2.503 GC heap after
Heap after GC invocations=8 (full 0):
 PSYoungGen      total 535552K, used 21997K [0x00000000d6000000, 0x00000000fa000000, 0x0000000100000000)
  eden space 513536K, 0% used [0x00000000d6000000,0x00000000d6000000,0x00000000f5580000)
  from space 22016K, 99% used [0x00000000f7580000,0x00000000f8afb788,0x00000000f8b00000)
  to   space 32768K, 0% used [0x00000000f5580000,0x00000000f5580000,0x00000000f7580000)
 ParOldGen       total 86016K, used 49827K [0x0000000082000000, 0x0000000087400000, 0x00000000d6000000)
  object space 86016K, 57% used [0x0000000082000000,0x00000000850a8e10,0x0000000087400000)
 Metaspace       used 7633K, capacity 7730K, committed 7936K, reserved 1056768K
  class space    used 904K, capacity 959K, committed 1024K, reserved 1048576K
}
Event: 15.689 GC heap before
{Heap before GC invocations=9 (full 0):
 PSYoungGen      total 535552K, used 535533K [0x00000000d6000000, 0x00000000fa000000, 0x0000000100000000)
  eden space 513536K, 100% used [0x00000000d6000000,0x00000000f5580000,0x00000000f5580000)
  from space 22016K, 99% used [0x00000000f7580000,0x00000000f8afb788,0x00000000f8b00000)
  to   space 32768K, 0% used [0x00000000f5580000,0x00000000f5580000,0x00000000f7580000)
 ParOldGen       total 86016K, used 49827K [0x0000000082000000, 0x0000000087400000, 0x00000000d6000000)
  object space 86016K, 57% used [0x0000000082000000,0x00000000850a8e10,0x0000000087400000)
 Metaspace       used 7768K, capacity 7922K, committed 8192K, reserved 1056768K
  class space    used 908K, capacity 959K, committed 1024K, reserved 1048576K
Event: 15.754 GC heap after
Heap after GC invocations=9 (full 0):
 PSYoungGen      total 546304K, used 32768K [0x00000000d6000000, 0x0000000100000000, 0x0000000100000000)
  eden space 513536K, 0% used [0x00000000d6000000,0x00000000d6000000,0x00000000f5580000)
  from space 32768K, 100% used [0x00000000f5580000,0x00000000f7580000,0x00000000f7580000)
  to   space 49664K, 0% used [0x00000000fcf80000,0x00000000fcf80000,0x0000000100000000)
 ParOldGen       total 86016K, used 77018K [0x0000000082000000, 0x0000000087400000, 0x00000000d6000000)
  object space 86016K, 89% used [0x0000000082000000,0x0000000086b36a40,0x0000000087400000)
 Metaspace       used 7768K, capacity 7922K, committed 8192K, reserved 1056768K
  class space    used 908K, capacity 959K, committed 1024K, reserved 1048576K
}
Event: 15.754 GC heap before
{Heap before GC invocations=10 (full 1):
 PSYoungGen      total 546304K, used 32768K [0x00000000d6000000, 0x0000000100000000, 0x0000000100000000)
  eden space 513536K, 0% used [0x00000000d6000000,0x00000000d6000000,0x00000000f5580000)
  from space 32768K, 100% used [0x00000000f5580000,0x00000000f7580000,0x00000000f7580000)
  to   space 49664K, 0% used [0x00000000fcf80000,0x00000000fcf80000,0x0000000100000000)
 ParOldGen       total 86016K, used 77018K [0x0000000082000000, 0x0000000087400000, 0x00000000d6000000)
  object space 86016K, 89% used [0x0000000082000000,0x0000000086b36a40,0x0000000087400000)
 Metaspace       used 7768K, capacity 7922K, committed 8192K, reserved 1056768K
  class space    used 908K, capacity 959K, committed 1024K, reserved 1048576K
Event: 16.082 GC heap after
Heap after GC invocations=10 (full 1):
 PSYoungGen      total 546304K, used 12269K [0x00000000d6000000, 0x0000000100000000, 0x0000000100000000)
  eden space 513536K, 0% used [0x00000000d6000000,0x00000000d6000000,0x00000000f5580000)
  from space 32768K, 37% used [0x00000000f5580000,0x00000000f617b620,0x00000000f7580000)
  to   space 49664K, 0% used [0x00000000fcf80000,0x00000000fcf80000,0x0000000100000000)
 ParOldGen       total 151552K, used 86000K [0x0000000082000000, 0x000000008b400000, 0x00000000d6000000)
  object space 151552K, 56% used [0x0000000082000000,0x00000000873fc1c0,0x000000008b400000)
 Metaspace       used 7768K, capacity 7922K, committed 8192K, reserved 1056768K
  class space    used 908K, capacity 959K, committed 1024K, reserved 1048576K
}
Event: 21.762 GC heap before
{Heap before GC invocations=11 (full 1):
 PSYoungGen      total 546304K, used 234112K [0x00000000d6000000, 0x0000000100000000, 0x0000000100000000)
  eden space 513536K, 43% used [0x00000000d6000000,0x00000000e38a4bb8,0x00000000f5580000)
  from space 32768K, 37% used [0x00000000f5580000,0x00000000f617b620,0x00000000f7580000)
  to   space 49664K, 0% used [0x00000000fcf80000,0x00000000fcf80000,0x0000000100000000)
 ParOldGen       total 151552K, used 86000K [0x0000000082000000, 0x000000008b400000, 0x00000000d6000000)
  object space 151552K, 56% used [0x0000000082000000,0x00000000873fc1c0,0x000000008b400000)
 Metaspace       used 7781K, capacity 7922K, committed 8192K, reserved 1056768K
  class space    used 909K, capacity 959K, committed 1024K, reserved 1048576K
Event: 21.804 GC heap after
Heap after GC invocations=11 (full 1):
 PSYoungGen      total 639488K, used 23488K [0x00000000d6000000, 0x0000000100000000, 0x0000000100000000)
  eden space 589824K, 0% used [0x00000000d6000000,0x00000000d6000000,0x00000000fa000000)
  from space 49664K, 47% used [0x00000000fcf80000,0x00000000fe670000,0x0000000100000000)
  to   space 48640K, 0% used [0x00000000fa000000,0x00000000fa000000,0x00000000fcf80000)
 ParOldGen       total 151552K, used 87528K [0x0000000082000000, 0x000000008b400000, 0x00000000d6000000)
  object space 151552K, 57% used [0x0000000082000000,0x000000008757a1c0,0x000000008b400000)
 Metaspace       used 7781K, capacity 7922K, committed 8192K, reserved 1056768K
  class space    used 909K, capacity 959K, committed 1024K, reserved 1048576K
}
Event: 21.804 GC heap before
{Heap before GC invocations=12 (full 2):
 PSYoungGen      total 639488K, used 23488K [0x00000000d6000000, 0x0000000100000000, 0x0000000100000000)
  eden space 589824K, 0% used [0x00000000d6000000,0x00000000d6000000,0x00000000fa000000)
  from space 49664K, 47% used [0x00000000fcf80000,0x00000000fe670000,0x0000000100000000)
  to   space 48640K, 0% used [0x00000000fa000000,0x00000000fa000000,0x00000000fcf80000)
 ParOldGen       total 151552K, used 87528K [0x0000000082000000, 0x000000008b400000, 0x00000000d6000000)
  object space 151552K, 57% used [0x0000000082000000,0x000000008757a1c0,0x000000008b400000)
 Metaspace       used 7781K, capacity 7922K, committed 8192K, reserved 1056768K
  class space    used 909K, capacity 959K, committed 1024K, reserved 1048576K
Event: 22.004 GC heap after
Heap after GC invocations=12 (full 2):
 PSYoungGen      total 639488K, used 0K [0x00000000d6000000, 0x0000000100000000, 0x0000000100000000)
  eden space 589824K, 0% used [0x00000000d6000000,0x00000000d6000000,0x00000000fa000000)
  from space 49664K, 0% used [0x00000000fcf80000,0x00000000fcf80000,0x0000000100000000)
  to   space 48640K, 0% used [0x00000000fa000000,0x00000000fa000000,0x00000000fcf80000)
 ParOldGen       total 151552K, used 86915K [0x0000000082000000, 0x000000008b400000, 0x00000000d6000000)
  object space 151552K, 57% used [0x0000000082000000,0x00000000874e0fd0,0x000000008b400000)
 Metaspace       used 7781K, capacity 7922K, committed 8192K, reserved 1056768K
  class space    used 909K, capacity 959K, committed 1024K, reserved 1048576K
}

